<?xml version="1.0" encoding="UTF-8"?>
<testng-results skipped="0" failed="0" ignored="0" total="2" passed="2">
  <reporter-output>
  </reporter-output>
  <suite name="Suite" duration-ms="33" started-at="2018-09-14T11:20:30Z" finished-at="2018-09-14T11:20:30Z">
    <groups>
    </groups>
    <test name="Test" duration-ms="33" started-at="2018-09-14T11:20:30Z" finished-at="2018-09-14T11:20:30Z">
      <class name="packageJenkins.Hello2">
        <test-method status="PASS" signature="hello()[pri:0, instance:packageJenkins.Hello2@42d80b78]" name="hello" duration-ms="6" started-at="2018-09-14T11:20:30Z" finished-at="2018-09-14T11:20:30Z">
          <reporter-output>
          </reporter-output>
        </test-method> <!-- hello -->
      </class> <!-- packageJenkins.Hello2 -->
      <class name="packageJenkins.Hello">
        <test-method status="PASS" signature="hello()[pri:0, instance:packageJenkins.Hello@5e3a8624]" name="hello" duration-ms="1" started-at="2018-09-14T11:20:30Z" finished-at="2018-09-14T11:20:30Z">
          <reporter-output>
          </reporter-output>
        </test-method> <!-- hello -->
      </class> <!-- packageJenkins.Hello -->
    </test> <!-- Test -->
  </suite> <!-- Suite -->
</testng-results>
